This is pdfTeX, Version 3.141592653-2.6-1.40.25 (TeX Live 2023) (preloaded format=pdflatex 2023.9.2)  2 SEP 2023 20:51
entering extended mode
 restricted \write18 enabled.
 %&-line parsing enabled.
**02-LiteratureReview.tex
(./02-LiteratureReview.tex
LaTeX2e <2023-06-01> patch level 1
L3 programming layer <2023-08-29>
(./templates/ociamthesis.cls
Document Class: templates/ociamthesis 2015/04/30 Oxford thesis class
(/Users/taylorswift/Library/TinyTeX/texmf-dist/tex/latex/base/report.cls
Document Class: report 2023/05/17 v1.4n Standard LaTeX document class
(/Users/taylorswift/Library/TinyTeX/texmf-dist/tex/latex/base/size12.clo
File: size12.clo 2023/05/17 v1.4n Standard LaTeX file (size option)
)
\c@part=\count185
\c@chapter=\count186
\c@section=\count187
\c@subsection=\count188
\c@subsubsection=\count189
\c@paragraph=\count190
\c@subparagraph=\count191
\c@figure=\count192
\c@table=\count193
\abovecaptionskip=\skip48
\belowcaptionskip=\skip49
\bibindent=\dimen140
)
\singlebaselineskip=\skip50
\frontmatterbaselineskip=\skip51
\textbaselineskip=\skip52
\abstractseparatelineskip=\skip53
\abstractseparateparskip=\skip54
(/Users/taylorswift/Library/TinyTeX/texmf-dist/tex/latex/varwidth/varwidth.sty
Package: varwidth 2009/03/30 ver 0.92;  Variable-width minipages
\@vwid@box=\box51
\sift@deathcycles=\count194
\@vwid@loff=\dimen141
\@vwid@roff=\dimen142
) (/Users/taylorswift/Library/TinyTeX/texmf-dist/tex/latex/geometry/geometry.sty
Package: geometry 2020/01/02 v5.9 Page Geometry
(/Users/taylorswift/Library/TinyTeX/texmf-dist/tex/latex/graphics/keyval.sty
Package: keyval 2022/05/29 v1.15 key=value parser (DPC)
\KV@toks@=\toks17
) (/Users/taylorswift/Library/TinyTeX/texmf-dist/tex/generic/iftex/ifvtex.sty
Package: ifvtex 2019/10/25 v1.7 ifvtex legacy package. Use iftex instead.
(/Users/taylorswift/Library/TinyTeX/texmf-dist/tex/generic/iftex/iftex.sty
Package: iftex 2022/02/03 v1.0f TeX engine tests
))
\Gm@cnth=\count195
\Gm@cntv=\count196
\c@Gm@tempcnt=\count197
\Gm@bindingoffset=\dimen143
\Gm@wd@mp=\dimen144
\Gm@odd@mp=\dimen145
\Gm@even@mp=\dimen146
\Gm@layoutwidth=\dimen147
\Gm@layoutheight=\dimen148
\Gm@layouthoffset=\dimen149
\Gm@layoutvoffset=\dimen150
\Gm@dimlist=\toks18
) (/Users/taylorswift/Library/TinyTeX/texmf-dist/tex/latex/xcolor/xcolor.sty
Package: xcolor 2022/06/12 v2.14 LaTeX color extensions (UK)
(/Users/taylorswift/Library/TinyTeX/texmf-dist/tex/latex/graphics-cfg/color.cfg
File: color.cfg 2016/01/02 v1.6 sample color configuration
)
Package xcolor Info: Driver file: pdftex.def on input line 227.
(/Users/taylorswift/Library/TinyTeX/texmf-dist/tex/latex/graphics-def/pdftex.def
File: pdftex.def 2022/09/22 v1.2b Graphics/color driver for pdftex
) (/Users/taylorswift/Library/TinyTeX/texmf-dist/tex/latex/graphics/mathcolor.ltx)
Package xcolor Info: Model `cmy' substituted by `cmy0' on input line 1353.
Package xcolor Info: Model `hsb' substituted by `rgb' on input line 1357.
Package xcolor Info: Model `RGB' extended on input line 1369.
Package xcolor Info: Model `HTML' substituted by `rgb' on input line 1371.
Package xcolor Info: Model `Hsb' substituted by `hsb' on input line 1372.
Package xcolor Info: Model `tHsb' substituted by `hsb' on input line 1373.
Package xcolor Info: Model `HSB' substituted by `hsb' on input line 1374.
Package xcolor Info: Model `Gray' substituted by `gray' on input line 1375.
Package xcolor Info: Model `wave' substituted by `hsb' on input line 1376.
) (/Users/taylorswift/Library/TinyTeX/texmf-dist/tex/latex/graphics/graphicx.sty
Package: graphicx 2021/09/16 v1.2d Enhanced LaTeX Graphics (DPC,SPQR)
(/Users/taylorswift/Library/TinyTeX/texmf-dist/tex/latex/graphics/graphics.sty
Package: graphics 2022/03/10 v1.4e Standard LaTeX Graphics (DPC,SPQR)
(/Users/taylorswift/Library/TinyTeX/texmf-dist/tex/latex/graphics/trig.sty
Package: trig 2021/08/11 v1.11 sin cos tan (DPC)
) (/Users/taylorswift/Library/TinyTeX/texmf-dist/tex/latex/graphics-cfg/graphics.cfg
File: graphics.cfg 2016/06/04 v1.11 sample graphics configuration
)
Package graphics Info: Driver file: pdftex.def on input line 107.
)
\Gin@req@height=\dimen151
\Gin@req@width=\dimen152
) (/Users/taylorswift/Library/TinyTeX/texmf-dist/tex/latex/microtype/microtype.sty
Package: microtype 2023/03/13 v3.1a Micro-typographical refinements (RS)
(/Users/taylorswift/Library/TinyTeX/texmf-dist/tex/latex/etoolbox/etoolbox.sty
Package: etoolbox 2020/10/05 v2.5k e-TeX tools for LaTeX (JAW)
\etb@tempcnta=\count198
)
\MT@toks=\toks19
\MT@tempbox=\box52
\MT@count=\count199
LaTeX Info: Redefining \noprotrusionifhmode on input line 1059.
LaTeX Info: Redefining \leftprotrusion on input line 1060.
\MT@prot@toks=\toks20
LaTeX Info: Redefining \rightprotrusion on input line 1078.
LaTeX Info: Redefining \textls on input line 1368.
\MT@outer@kern=\dimen153
LaTeX Info: Redefining \textmicrotypecontext on input line 1988.
\MT@listname@count=\count266
(/Users/taylorswift/Library/TinyTeX/texmf-dist/tex/latex/microtype/microtype-pdftex.def
File: microtype-pdftex.def 2023/03/13 v3.1a Definitions specific to pdftex (RS)
LaTeX Info: Redefining \lsstyle on input line 902.
LaTeX Info: Redefining \lslig on input line 902.
\MT@outer@space=\skip55
)
Package microtype Info: Loading configuration file microtype.cfg.
(/Users/taylorswift/Library/TinyTeX/texmf-dist/tex/latex/microtype/microtype.cfg
File: microtype.cfg 2023/03/13 v3.1a microtype main configuration file (RS)
)) (/Users/taylorswift/Library/TinyTeX/texmf-dist/tex/latex/units/nicefrac.sty
Package: nicefrac 1998/08/04 v0.9b Nice fractions
\L@UnitsRaiseDisplaystyle=\skip56
\L@UnitsRaiseTextstyle=\skip57
\L@UnitsRaiseScriptstyle=\skip58
(/Users/taylorswift/Library/TinyTeX/texmf-dist/tex/latex/base/ifthen.sty
Package: ifthen 2022/04/13 v1.1d Standard LaTeX ifthen package (DPC)
)) (/Users/taylorswift/Library/TinyTeX/texmf-dist/tex/latex/amsmath/amsmath.sty
Package: amsmath 2023/05/13 v2.17o AMS math features
\@mathmargin=\skip59
For additional information on amsmath, use the `?' option.
(/Users/taylorswift/Library/TinyTeX/texmf-dist/tex/latex/amsmath/amstext.sty
Package: amstext 2021/08/26 v2.01 AMS text
(/Users/taylorswift/Library/TinyTeX/texmf-dist/tex/latex/amsmath/amsgen.sty
File: amsgen.sty 1999/11/30 v2.0 generic functions
\@emptytoks=\toks21
\ex@=\dimen154
)) (/Users/taylorswift/Library/TinyTeX/texmf-dist/tex/latex/amsmath/amsbsy.sty
Package: amsbsy 1999/11/29 v1.2d Bold Symbols
\pmbraise@=\dimen155
) (/Users/taylorswift/Library/TinyTeX/texmf-dist/tex/latex/amsmath/amsopn.sty
Package: amsopn 2022/04/08 v2.04 operator names
)
\inf@bad=\count267
LaTeX Info: Redefining \frac on input line 234.
\uproot@=\count268
\leftroot@=\count269
LaTeX Info: Redefining \overline on input line 399.
LaTeX Info: Redefining \colon on input line 410.
\classnum@=\count270
\DOTSCASE@=\count271
LaTeX Info: Redefining \ldots on input line 496.
LaTeX Info: Redefining \dots on input line 499.
LaTeX Info: Redefining \cdots on input line 620.
\Mathstrutbox@=\box53
\strutbox@=\box54
LaTeX Info: Redefining \big on input line 722.
LaTeX Info: Redefining \Big on input line 723.
LaTeX Info: Redefining \bigg on input line 724.
LaTeX Info: Redefining \Bigg on input line 725.
\big@size=\dimen156
LaTeX Font Info:    Redeclaring font encoding OML on input line 743.
LaTeX Font Info:    Redeclaring font encoding OMS on input line 744.
\macc@depth=\count272
LaTeX Info: Redefining \bmod on input line 905.
LaTeX Info: Redefining \pmod on input line 910.
LaTeX Info: Redefining \smash on input line 940.
LaTeX Info: Redefining \relbar on input line 970.
LaTeX Info: Redefining \Relbar on input line 971.
\c@MaxMatrixCols=\count273
\dotsspace@=\muskip16
\c@parentequation=\count274
\dspbrk@lvl=\count275
\tag@help=\toks22
\row@=\count276
\column@=\count277
\maxfields@=\count278
\andhelp@=\toks23
\eqnshift@=\dimen157
\alignsep@=\dimen158
\tagshift@=\dimen159
\tagwidth@=\dimen160
\totwidth@=\dimen161
\lineht@=\dimen162
\@envbody=\toks24
\multlinegap=\skip60
\multlinetaggap=\skip61
\mathdisplay@stack=\toks25
LaTeX Info: Redefining \[ on input line 2953.
LaTeX Info: Redefining \] on input line 2954.
) (/Users/taylorswift/Library/TinyTeX/texmf-dist/tex/latex/amsfonts/amssymb.sty
Package: amssymb 2013/01/14 v3.01 AMS font symbols
(/Users/taylorswift/Library/TinyTeX/texmf-dist/tex/latex/amsfonts/amsfonts.sty
Package: amsfonts 2013/01/14 v3.01 Basic AMSFonts support
\symAMSa=\mathgroup4
\symAMSb=\mathgroup5
LaTeX Font Info:    Redeclaring math symbol \hbar on input line 98.
LaTeX Font Info:    Overwriting math alphabet `\mathfrak' in version `bold'
(Font)                  U/euf/m/n --> U/euf/b/n on input line 106.
)) (/Users/taylorswift/Library/TinyTeX/texmf-dist/tex/latex/base/textcomp.sty
Package: textcomp 2020/02/02 v2.0n Standard LaTeX package
) (/Users/taylorswift/Library/TinyTeX/texmf-dist/tex/latex/tools/longtable.sty
Package: longtable 2021-09-01 v4.17 Multi-page Table package (DPC)
\LTleft=\skip62
\LTright=\skip63
\LTpre=\skip64
\LTpost=\skip65
\LTchunksize=\count279
\LTcapwidth=\dimen163
\LT@head=\box55
\LT@firsthead=\box56
\LT@foot=\box57
\LT@lastfoot=\box58
\LT@gbox=\box59
\LT@cols=\count280
\LT@rows=\count281
\c@LT@tables=\count282
\c@LT@chunks=\count283
\LT@p@ftn=\toks26
) (/Users/taylorswift/Library/TinyTeX/texmf-dist/tex/latex/caption/caption.sty
Package: caption 2023/07/31 v3.6n Customizing captions (AR)
(/Users/taylorswift/Library/TinyTeX/texmf-dist/tex/latex/caption/caption3.sty
Package: caption3 2023/07/31 v2.4d caption3 kernel (AR)
\caption@tempdima=\dimen164
\captionmargin=\dimen165
\caption@leftmargin=\dimen166
\caption@rightmargin=\dimen167
\caption@width=\dimen168
\caption@indent=\dimen169
\caption@parindent=\dimen170
\caption@hangindent=\dimen171
Package caption Info: Standard document class detected.
)
\c@caption@flags=\count284
\c@continuedfloat=\count285
Package caption Info: longtable package is loaded.
(/Users/taylorswift/Library/TinyTeX/texmf-dist/tex/latex/caption/ltcaption.sty
Package: ltcaption 2021/01/08 v1.4c longtable captions (AR)
)) (/Users/taylorswift/Library/TinyTeX/texmf-dist/tex/latex/tools/multicol.sty
Package: multicol 2023/03/30 v1.9f multicolumn formatting (FMi)
\c@tracingmulticols=\count286
\mult@box=\box60
\multicol@leftmargin=\dimen172
\c@unbalance=\count287
\c@collectmore=\count288
\doublecol@number=\count289
\multicoltolerance=\count290
\multicolpretolerance=\count291
\full@width=\dimen173
\page@free=\dimen174
\premulticols=\dimen175
\postmulticols=\dimen176
\multicolsep=\skip66
\multicolbaselineskip=\skip67
\partial@page=\box61
\last@line=\box62
\mc@boxedresult=\box63
\maxbalancingoverflow=\dimen177
\mult@rightbox=\box64
\mult@grightbox=\box65
\mult@firstbox=\box66
\mult@gfirstbox=\box67
\@tempa=\box68
\@tempa=\box69
\@tempa=\box70
\@tempa=\box71
\@tempa=\box72
\@tempa=\box73
\@tempa=\box74
\@tempa=\box75
\@tempa=\box76
\@tempa=\box77
\@tempa=\box78
\@tempa=\box79
\@tempa=\box80
\@tempa=\box81
\@tempa=\box82
\@tempa=\box83
\@tempa=\box84
\@tempa=\box85
\@tempa=\box86
\@tempa=\box87
\@tempa=\box88
\@tempa=\box89
\@tempa=\box90
\@tempa=\box91
\@tempa=\box92
\@tempa=\box93
\@tempa=\box94
\@tempa=\box95
\@tempa=\box96
\@tempa=\box97
\@tempa=\box98
\@tempa=\box99
\@tempa=\box100
\@tempa=\box101
\@tempa=\box102
\@tempa=\box103
\c@minrows=\count292
\c@columnbadness=\count293
\c@finalcolumnbadness=\count294
\last@try=\dimen178
\multicolovershoot=\dimen179
\multicolundershoot=\dimen180
\mult@nat@firstbox=\box104
\colbreak@box=\box105
\mc@col@check@num=\count295
) (/Users/taylorswift/Library/TinyTeX/texmf-dist/tex/latex/multirow/multirow.sty
Package: multirow 2021/03/15 v2.8 Span multiple rows of a table
\multirow@colwidth=\skip68
\multirow@cntb=\count296
\multirow@dima=\skip69
\bigstrutjot=\dimen181
) (/Users/taylorswift/Library/TinyTeX/texmf-dist/tex/latex/tools/array.sty
Package: array 2022/09/04 v2.5g Tabular extension package (FMi)
\col@sep=\dimen182
\ar@mcellbox=\box106
\extrarowheight=\dimen183
\NC@list=\toks27
\extratabsurround=\skip70
\backup@length=\skip71
\ar@cellbox=\box107
) (/Users/taylorswift/Library/TinyTeX/texmf-dist/tex/latex/graphics/rotating.sty
Package: rotating 2016/08/11 v2.16d rotated objects in LaTeX
\c@r@tfl@t=\count297
\rotFPtop=\skip72
\rotFPbot=\skip73
\rot@float@box=\box108
\rot@mess@toks=\toks28
) (/Users/taylorswift/Library/TinyTeX/texmf-dist/tex/latex/booktabs/booktabs.sty
Package: booktabs 2020/01/12 v1.61803398 Publication quality tables
\heavyrulewidth=\dimen184
\lightrulewidth=\dimen185
\cmidrulewidth=\dimen186
\belowrulesep=\dimen187
\belowbottomsep=\dimen188
\aboverulesep=\dimen189
\abovetopsep=\dimen190
\cmidrulesep=\dimen191
\cmidrulekern=\dimen192
\defaultaddspace=\dimen193
\@cmidla=\count298
\@cmidlb=\count299
\@aboverulesep=\dimen194
\@belowrulesep=\dimen195
\@thisruleclass=\count300
\@lastruleclass=\count301
\@thisrulewidth=\dimen196
) (/Users/taylorswift/Library/TinyTeX/texmf-dist/tex/latex/pdfpages/pdfpages.sty
Package: pdfpages 2022/12/19 v0.5x Insert pages of external PDF documents (AM)
(/Users/taylorswift/Library/TinyTeX/texmf-dist/tex/latex/tools/calc.sty
Package: calc 2017/05/25 v4.3 Infix arithmetic (KKT,FJ)
\calc@Acount=\count302
\calc@Bcount=\count303
\calc@Adimen=\dimen197
\calc@Bdimen=\dimen198
\calc@Askip=\skip74
\calc@Bskip=\skip75
LaTeX Info: Redefining \setlength on input line 80.
LaTeX Info: Redefining \addtolength on input line 81.
\calc@Ccount=\count304
\calc@Cskip=\skip76
) (/Users/taylorswift/Library/TinyTeX/texmf-dist/tex/latex/eso-pic/eso-pic.sty
Package: eso-pic 2023/05/03 v3.0c eso-pic (RN)
\ESO@tempdima=\dimen199
\ESO@tempdimb=\dimen256
)
\AM@pagewidth=\dimen257
\AM@pageheight=\dimen258
\AM@fboxrule=\dimen259
(/Users/taylorswift/Library/TinyTeX/texmf-dist/tex/latex/pdfpages/pppdftex.def
File: pppdftex.def 2022/12/19 v0.5x Pdfpages driver for pdfTeX (AM)
)
\pdfpages@includegraphics@status=\count305
\AM@pagebox=\box109
\AM@global@opts=\toks29
\AM@pagecnt=\count306
\AM@toc@title=\toks30
\AM@lof@heading=\toks31
\c@AM@survey=\count307
\AM@templatesizebox=\box110
) (/Users/taylorswift/Library/TinyTeX/texmf-dist/tex/latex/l3packages/xfrac/xfrac.sty (/Users/taylorswift/Library/TinyTeX/texmf-dist/tex/latex/l3kernel/expl3.sty
Package: expl3 2023-08-29 L3 programming layer (loader) 
(/Users/taylorswift/Library/TinyTeX/texmf-dist/tex/latex/l3backend/l3backend-pdftex.def
File: l3backend-pdftex.def 2023-04-19 L3 backend support: PDF output (pdfTeX)
\l__color_backend_stack_int=\count308
\l__pdf_internal_box=\box111
)) (/Users/taylorswift/Library/TinyTeX/texmf-dist/tex/latex/l3packages/l3keys2e/l3keys2e.sty
Package: l3keys2e 2023-02-02 LaTeX2e option processing using LaTeX3 keys
) (/Users/taylorswift/Library/TinyTeX/texmf-dist/tex/latex/l3packages/xparse/xparse.sty
Package: xparse 2023-02-02 L3 Experimental document command parser
) (/Users/taylorswift/Library/TinyTeX/texmf-dist/tex/latex/l3packages/xtemplate/xtemplate.sty
Package: xtemplate 2023-02-02 L3 Experimental prototype document functions
\l__xtemplate_tmp_dim=\dimen260
\l__xtemplate_tmp_int=\count309
\l__xtemplate_tmp_muskip=\muskip17
\l__xtemplate_tmp_skip=\skip77
)
Package: xfrac 2023-02-02 L3 Experimental split-level fractions
\l__xfrac_slash_box=\box112
\l__xfrac_tmp_box=\box113
\l__xfrac_denominator_bot_sep_dim=\dimen261
\l__xfrac_numerator_bot_sep_dim=\dimen262
\l__xfrac_numerator_top_sep_dim=\dimen263
\l__xfrac_slash_left_sep_dim=\dimen264
\l__xfrac_slash_right_sep_dim=\dimen265
\l__xfrac_slash_left_muskip=\muskip18
\l__xfrac_slash_right_muskip=\muskip19

Package xtemplate Info: Declaring object type 'xfrac' taking 3 argument(s) on
(xtemplate)             line 80.

) (/Users/taylorswift/Library/TinyTeX/texmf-dist/tex/latex/enumitem/enumitem.sty
Package: enumitem 2019/06/20 v3.9 Customized lists
\labelindent=\skip78
\enit@outerparindent=\dimen266
\enit@toks=\toks32
\enit@inbox=\box114
\enit@count@id=\count310
\enitdp@description=\count311
) (/Users/taylorswift/Library/TinyTeX/texmf-dist/tex/latex/tools/dcolumn.sty
Package: dcolumn 2014/10/28 v1.06 decimal alignment package (DPC)
) (/Users/taylorswift/Library/TinyTeX/texmf-dist/tex/latex/appendix/appendix.sty
Package: appendix 2020/02/08 v1.2c extra appendix facilities
\c@@pps=\count312
\c@@ppsavesec=\count313
\c@@ppsaveapp=\count314
) (/Users/taylorswift/Library/TinyTeX/texmf-dist/tex/latex/notoccite/notoccite.sty
Package: notoccite 2000/07/20
) (/Users/taylorswift/Library/TinyTeX/texmf-dist/tex/latex/minitoc/minitoc.sty
Package: minitoc 2018/07/12 v62 Package minitoc
(/Users/taylorswift/Library/TinyTeX/texmf-dist/tex/latex/minitoc/mtcmess.sty
Package: mtcmess 2006/03/14
)
Package minitoc Info: I0001
(minitoc)             *** minitoc package, version 62 ***.
\tf@mtc=\write3
\mtcindent=\skip79
\mtcskipamount=\skip80
Package minitoc Info: I0005
(minitoc)             compatible with hyperref.
Package minitoc Info: I0023
(minitoc)             part level macros available.
Package minitoc Info: I0003
(minitoc)             chapter level macros available.
\mtc@toks=\toks33
\mtc@strutbox=\box115
\mtc@hstrutbox=\box116
Package minitoc Info: I0002
(minitoc)             Autoconfiguration of extensions.
\openout3 = `02-LiteratureReview.mtc0'.

\openout3 = `02-LiteratureReview.mtc'.

(./02-LiteratureReview.mtc0)
Package minitoc Info: I0012
(minitoc)             Long extensions (Unix-like) will be used.
Package minitoc Info: I0031
(minitoc)             ==> this version is configured for UNIX-like 
(minitoc)                 (long extensions) file names.
\openout3 = `02-LiteratureReview.mtc'.

\openout3 = `02-LiteratureReview.mtc0'.

\c@mtc=\count315
\c@minitocdepth=\count316
\c@ptc=\count317
\c@parttocdepth=\count318
\ptcindent=\skip81
Package minitoc Info: I0010
(minitoc)             The english language is selected.
(minitoc)              on input line 4910.
(/Users/taylorswift/Library/TinyTeX/texmf-dist/tex/latex/minitoc/english.mld
File: english.mld 2006/01/13
) (/Users/taylorswift/Library/TinyTeX/texmf-dist/tex/latex/minitoc/english.mld
File: english.mld 2006/01/13
)) (/Users/taylorswift/Library/TinyTeX/texmf-dist/tex/latex/quotchap/quotchap.sty
Package: quotchap 2020/11/13 v1.3 Decorative Chapter Headings with Quotes
\@quotebox=\box117
) (/Users/taylorswift/Library/TinyTeX/texmf-dist/tex/latex/tocbibind/tocbibind.sty
Package: tocbibind 2010/10/13 v1.5k extra ToC listings
Package tocbibind Info: The document has chapter divisions on input line 50.

Package tocbibind Note: Using chapter style headings, unless overridden.

) (/Users/taylorswift/Library/TinyTeX/texmf-dist/tex/latex/lm/lmodern.sty
Package: lmodern 2015/05/01 v1.6.1 Latin Modern Fonts
LaTeX Font Info:    Overwriting symbol font `operators' in version `normal'
(Font)                  OT1/cmr/m/n --> OT1/lmr/m/n on input line 22.
LaTeX Font Info:    Overwriting symbol font `letters' in version `normal'
(Font)                  OML/cmm/m/it --> OML/lmm/m/it on input line 23.
LaTeX Font Info:    Overwriting symbol font `symbols' in version `normal'
(Font)                  OMS/cmsy/m/n --> OMS/lmsy/m/n on input line 24.
LaTeX Font Info:    Overwriting symbol font `largesymbols' in version `normal'
(Font)                  OMX/cmex/m/n --> OMX/lmex/m/n on input line 25.
LaTeX Font Info:    Overwriting symbol font `operators' in version `bold'
(Font)                  OT1/cmr/bx/n --> OT1/lmr/bx/n on input line 26.
LaTeX Font Info:    Overwriting symbol font `letters' in version `bold'
(Font)                  OML/cmm/b/it --> OML/lmm/b/it on input line 27.
LaTeX Font Info:    Overwriting symbol font `symbols' in version `bold'
(Font)                  OMS/cmsy/b/n --> OMS/lmsy/b/n on input line 28.
LaTeX Font Info:    Overwriting symbol font `largesymbols' in version `bold'
(Font)                  OMX/cmex/m/n --> OMX/lmex/m/n on input line 29.
LaTeX Font Info:    Overwriting math alphabet `\mathbf' in version `normal'
(Font)                  OT1/cmr/bx/n --> OT1/lmr/bx/n on input line 31.
LaTeX Font Info:    Overwriting math alphabet `\mathsf' in version `normal'
(Font)                  OT1/cmss/m/n --> OT1/lmss/m/n on input line 32.
LaTeX Font Info:    Overwriting math alphabet `\mathit' in version `normal'
(Font)                  OT1/cmr/m/it --> OT1/lmr/m/it on input line 33.
LaTeX Font Info:    Overwriting math alphabet `\mathtt' in version `normal'
(Font)                  OT1/cmtt/m/n --> OT1/lmtt/m/n on input line 34.
LaTeX Font Info:    Overwriting math alphabet `\mathbf' in version `bold'
(Font)                  OT1/cmr/bx/n --> OT1/lmr/bx/n on input line 35.
LaTeX Font Info:    Overwriting math alphabet `\mathsf' in version `bold'
(Font)                  OT1/cmss/bx/n --> OT1/lmss/bx/n on input line 36.
LaTeX Font Info:    Overwriting math alphabet `\mathit' in version `bold'
(Font)                  OT1/cmr/bx/it --> OT1/lmr/bx/it on input line 37.
LaTeX Font Info:    Overwriting math alphabet `\mathtt' in version `bold'
(Font)                  OT1/cmtt/m/n --> OT1/lmtt/m/n on input line 38.
) (/Users/taylorswift/Library/TinyTeX/texmf-dist/tex/latex/base/fontenc.sty
Package: fontenc 2021/04/29 v2.0v Standard LaTeX package
(/Users/taylorswift/Library/TinyTeX/texmf-dist/tex/latex/greek-fontenc/lgrenc.def
File: lgrenc.def 2023-08-15 2.4 LGR Greek font encoding definitions
Now handling font encoding LGR ...
... no UTF-8 mapping file for font encoding LGR
(/Users/taylorswift/Library/TinyTeX/texmf-dist/tex/latex/greek-fontenc/greek-fontenc.def
File: greek-fontenc.def 2023-08-15 2.4 Common Greek font encoding definitions
))
LaTeX Font Info:    Trying to load font information for T1+lmr on input line 112.
(/Users/taylorswift/Library/TinyTeX/texmf-dist/tex/latex/lm/t1lmr.fd
File: t1lmr.fd 2015/05/01 v1.6.1 Font defs for Latin Modern
)) (/Users/taylorswift/Library/TinyTeX/texmf-dist/tex/latex/base/inputenc.sty
Package: inputenc 2021/02/14 v1.3d Input encoding file
\inpenc@prehook=\toks34
\inpenc@posthook=\toks35
) (/Users/taylorswift/Library/TinyTeX/texmf-dist/tex/generic/babel/babel.sty
Package: babel 2023/08/29 v3.93 The Babel package
\babel@savecnt=\count319
\U@D=\dimen267
\l@unhyphenated=\language8
(/Users/taylorswift/Library/TinyTeX/texmf-dist/tex/generic/babel/txtbabel.def)
\bbl@readstream=\read2
\bbl@dirlevel=\count320
(/Users/taylorswift/Library/TinyTeX/texmf-dist/tex/generic/babel-greek/greek.ldf
Language: greek 2023/08/18 1.14 Greek support for the babel system

Package babel Warning: No hyphenation patterns were preloaded for
(babel)                the language 'greek' into the format.
(babel)                Please, configure your TeX system to add them and
(babel)                rebuild the format. Now I will use the patterns
(babel)                preloaded for \language=0 instead on input line 53.

Package babel Info: Hyphen rules for 'ancientgreek' set to \l@english
(babel)             (\language0). Reported on input line 54.
\bbl@monogreek=\count321
\bbl@polygreek=\count322
\bbl@ancientgreek=\count323
) (/Users/taylorswift/Library/TinyTeX/texmf-dist/tex/generic/babel-latin/latin.ldf
Language: latin 2021-06-27 v4.0 Latin support from the babel system
Package babel Info: Making " an active character on input line 135.
) (/Users/taylorswift/Library/TinyTeX/texmf-dist/tex/generic/babel-english/english.ldf
Language: english 2017/06/06 v3.3r English support from the babel system
Package babel Info: Hyphen rules for 'british' set to \l@english
(babel)             (\language0). Reported on input line 82.
Package babel Info: Hyphen rules for 'UKenglish' set to \l@english
(babel)             (\language0). Reported on input line 83.
Package babel Info: Hyphen rules for 'canadian' set to \l@english
(babel)             (\language0). Reported on input line 102.
Package babel Info: Hyphen rules for 'australian' set to \l@english
(babel)             (\language0). Reported on input line 105.
Package babel Info: Hyphen rules for 'newzealand' set to \l@english
(babel)             (\language0). Reported on input line 108.
)) (/Users/taylorswift/Library/TinyTeX/texmf-dist/tex/generic/babel/locale/en/babel-english.tex
Package babel Info: Importing font and identification data for english
(babel)             from babel-en.ini. Reported on input line 11.
) (/Users/taylorswift/Library/TinyTeX/texmf-dist/tex/generic/babel/locale/la/babel-latin.tex
Package babel Info: Importing font and identification data for latin
(babel)             from babel-la.ini. Reported on input line 9.
) (/Users/taylorswift/Library/TinyTeX/texmf-dist/tex/generic/babel/locale/el/babel-greek.tex
Package babel Info: Importing font and identification data for greek
(babel)             from babel-el.ini. Reported on input line 11.
) (/Users/taylorswift/Library/TinyTeX/texmf-dist/tex/latex/csquotes/csquotes.sty
Package: csquotes 2022-09-14 v5.2n context-sensitive quotations (JAW)
\csq@reset=\count324
\csq@gtype=\count325
\csq@glevel=\count326
\csq@qlevel=\count327
\csq@maxlvl=\count328
\csq@tshold=\count329
\csq@ltx@everypar=\toks36
(/Users/taylorswift/Library/TinyTeX/texmf-dist/tex/latex/csquotes/csquotes.def
File: csquotes.def 2022-09-14 v5.2n csquotes generic definitions (JAW)
)
Package csquotes Info: Trying to load configuration file 'csquotes.cfg'...
Package csquotes Info: ... configuration file loaded successfully.
(/Users/taylorswift/Library/TinyTeX/texmf-dist/tex/latex/csquotes/csquotes.cfg
File: csquotes.cfg 
))
\mccurrentbaselineskip=\skip82
\mccurrentparskip=\skip83
\mccurrentparindent=\skip84
(/Users/taylorswift/Library/TinyTeX/texmf-dist/tex/latex/framed/framed.sty
Package: framed 2011/10/22 v 0.96: framed or shaded text with page breaks
\OuterFrameSep=\skip85
\fb@frw=\dimen268
\fb@frh=\dimen269
\FrameRule=\dimen270
\FrameSep=\dimen271
) (/Users/taylorswift/Library/TinyTeX/texmf-dist/tex/generic/soul/soul.sty
Package: soul 2023-06-14 v3.1 Permit use of UTF-8 characters in soul (HO)
(/Users/taylorswift/Library/TinyTeX/texmf-dist/tex/generic/soul/soul-ori.sty
Package: soul-ori 2023-06-14 v3.1 letterspacing/underlining (mf)
\SOUL@word=\toks37
\SOUL@lasttoken=\toks38
\SOUL@syllable=\toks39
\SOUL@cmds=\toks40
\SOUL@buffer=\toks41
\SOUL@token=\toks42
\SOUL@syllgoal=\dimen272
\SOUL@syllwidth=\dimen273
\SOUL@charkern=\dimen274
\SOUL@hyphkern=\dimen275
\SOUL@dimen=\dimen276
\SOUL@dimeni=\dimen277
\SOUL@minus=\count330
\SOUL@comma=\count331
\SOUL@apo=\count332
\SOUL@grave=\count333
\SOUL@spaceskip=\skip86
\SOUL@ttwidth=\dimen278
\SOUL@uldp=\dimen279
\SOUL@ulht=\dimen280
) (/Users/taylorswift/Library/TinyTeX/texmf-dist/tex/generic/infwarerr/infwarerr.sty
Package: infwarerr 2019/12/03 v1.5 Providing info/warning/error messages (HO)
) (/Users/taylorswift/Library/TinyTeX/texmf-dist/tex/generic/etexcmds/etexcmds.sty
Package: etexcmds 2019/12/15 v1.7 Avoid name clashes with e-TeX commands (HO)
))) (/Users/taylorswift/Library/TinyTeX/texmf-dist/tex/latex/hyperref/hyperref.sty
Package: hyperref 2023-07-08 v7.01b Hypertext links for LaTeX
(/Users/taylorswift/Library/TinyTeX/texmf-dist/tex/generic/ltxcmds/ltxcmds.sty
Package: ltxcmds 2020-05-10 v1.25 LaTeX kernel commands for general use (HO)
) (/Users/taylorswift/Library/TinyTeX/texmf-dist/tex/generic/pdftexcmds/pdftexcmds.sty
Package: pdftexcmds 2020-06-27 v0.33 Utility functions of pdfTeX for LuaTeX (HO)
Package pdftexcmds Info: \pdf@primitive is available.
Package pdftexcmds Info: \pdf@ifprimitive is available.
Package pdftexcmds Info: \pdfdraftmode found.
) (/Users/taylorswift/Library/TinyTeX/texmf-dist/tex/latex/kvsetkeys/kvsetkeys.sty
Package: kvsetkeys 2022-10-05 v1.19 Key value parser (HO)
) (/Users/taylorswift/Library/TinyTeX/texmf-dist/tex/generic/kvdefinekeys/kvdefinekeys.sty
Package: kvdefinekeys 2019-12-19 v1.6 Define keys (HO)
) (/Users/taylorswift/Library/TinyTeX/texmf-dist/tex/generic/pdfescape/pdfescape.sty
Package: pdfescape 2019/12/09 v1.15 Implements pdfTeX's escape features (HO)
) (/Users/taylorswift/Library/TinyTeX/texmf-dist/tex/latex/hycolor/hycolor.sty
Package: hycolor 2020-01-27 v1.10 Color options for hyperref/bookmark (HO)
) (/Users/taylorswift/Library/TinyTeX/texmf-dist/tex/latex/letltxmacro/letltxmacro.sty
Package: letltxmacro 2019/12/03 v1.6 Let assignment for LaTeX macros (HO)
) (/Users/taylorswift/Library/TinyTeX/texmf-dist/tex/latex/auxhook/auxhook.sty
Package: auxhook 2019-12-17 v1.6 Hooks for auxiliary files (HO)
) (/Users/taylorswift/Library/TinyTeX/texmf-dist/tex/latex/hyperref/nameref.sty
Package: nameref 2023-08-07 v2.53 Cross-referencing by name of section
(/Users/taylorswift/Library/TinyTeX/texmf-dist/tex/latex/refcount/refcount.sty
Package: refcount 2019/12/15 v3.6 Data extraction from label references (HO)
) (/Users/taylorswift/Library/TinyTeX/texmf-dist/tex/generic/gettitlestring/gettitlestring.sty
Package: gettitlestring 2019/12/15 v1.6 Cleanup title references (HO)
(/Users/taylorswift/Library/TinyTeX/texmf-dist/tex/latex/kvoptions/kvoptions.sty
Package: kvoptions 2022-06-15 v3.15 Key value format for package options (HO)
))
\c@section@level=\count334
)
\@linkdim=\dimen281
\Hy@linkcounter=\count335
\Hy@pagecounter=\count336
(/Users/taylorswift/Library/TinyTeX/texmf-dist/tex/latex/hyperref/pd1enc.def
File: pd1enc.def 2023-07-08 v7.01b Hyperref: PDFDocEncoding definition (HO)
Now handling font encoding PD1 ...
... no UTF-8 mapping file for font encoding PD1
) (/Users/taylorswift/Library/TinyTeX/texmf-dist/tex/generic/intcalc/intcalc.sty
Package: intcalc 2019/12/15 v1.3 Expandable calculations with integers (HO)
)
\Hy@SavedSpaceFactor=\count337
(/Users/taylorswift/Library/TinyTeX/texmf-dist/tex/latex/hyperref/puenc.def
File: puenc.def 2023-07-08 v7.01b Hyperref: PDF Unicode definition (HO)
Now handling font encoding PU ...
... no UTF-8 mapping file for font encoding PU
(/Users/taylorswift/Library/TinyTeX/texmf-dist/tex/latex/greek-fontenc/puenc-greek.def
File: puenc-greek.def 2023-08-15 2.4 Greek LICRs for PDF strings
(/Users/taylorswift/Library/TinyTeX/texmf-dist/tex/latex/greek-fontenc/greek-fontenc.def
File: greek-fontenc.def 2023-08-15 2.4 Common Greek font encoding definitions
)))
Package hyperref Info: Option `pdfpagelabels' set `true' on input line 4050.
Package hyperref Info: Hyper figures OFF on input line 4167.
Package hyperref Info: Link nesting OFF on input line 4172.
Package hyperref Info: Hyper index ON on input line 4175.
Package hyperref Info: Plain pages OFF on input line 4182.
Package hyperref Info: Backreferencing OFF on input line 4187.
Package hyperref Info: Implicit mode ON; LaTeX internals redefined.
Package hyperref Info: Bookmarks ON on input line 4434.
\c@Hy@tempcnt=\count338
(/Users/taylorswift/Library/TinyTeX/texmf-dist/tex/latex/url/url.sty
\Urlmuskip=\muskip20
Package: url 2013/09/16  ver 3.4  Verb mode for urls, etc.
)
LaTeX Info: Redefining \url on input line 4772.
\XeTeXLinkMargin=\dimen282
(/Users/taylorswift/Library/TinyTeX/texmf-dist/tex/generic/bitset/bitset.sty
Package: bitset 2019/12/09 v1.3 Handle bit-vector datatype (HO)
(/Users/taylorswift/Library/TinyTeX/texmf-dist/tex/generic/bigintcalc/bigintcalc.sty
Package: bigintcalc 2019/12/15 v1.5 Expandable calculations on big integers (HO)
))
\Fld@menulength=\count339
\Field@Width=\dimen283
\Fld@charsize=\dimen284
Package hyperref Info: Hyper figures OFF on input line 6051.
Package hyperref Info: Link nesting OFF on input line 6056.
Package hyperref Info: Hyper index ON on input line 6059.
Package hyperref Info: backreferencing OFF on input line 6066.
Package hyperref Info: Link coloring OFF on input line 6071.
Package hyperref Info: Link coloring with OCG OFF on input line 6076.
Package hyperref Info: PDF/A mode OFF on input line 6081.
(/Users/taylorswift/Library/TinyTeX/texmf-dist/tex/latex/base/atbegshi-ltx.sty
Package: atbegshi-ltx 2021/01/10 v1.0c Emulation of the original atbegshi
package with kernel methods
)
\Hy@abspage=\count340
\c@Item=\count341
\c@Hfootnote=\count342
)
Package hyperref Info: Driver (autodetected): hpdftex.
(/Users/taylorswift/Library/TinyTeX/texmf-dist/tex/latex/hyperref/hpdftex.def
File: hpdftex.def 2023-07-08 v7.01b Hyperref driver for pdfTeX
(/Users/taylorswift/Library/TinyTeX/texmf-dist/tex/latex/base/atveryend-ltx.sty
Package: atveryend-ltx 2020/08/19 v1.0a Emulation of the original atveryend package
with kernel methods
)
\Fld@listcount=\count343
\c@bookmark@seq@number=\count344
(/Users/taylorswift/Library/TinyTeX/texmf-dist/tex/latex/rerunfilecheck/rerunfilecheck.sty
Package: rerunfilecheck 2022-07-10 v1.10 Rerun checks for auxiliary files (HO)
(/Users/taylorswift/Library/TinyTeX/texmf-dist/tex/generic/uniquecounter/uniquecounter.sty
Package: uniquecounter 2019/12/15 v1.4 Provide unlimited unique counter (HO)
)
Package uniquecounter Info: New unique counter `rerunfilecheck' on input line 285.
)
\Hy@SectionHShift=\skip87
) (/Users/taylorswift/Library/TinyTeX/texmf-dist/tex/latex/xurl/xurl.sty
Package: xurl 2022/01/09 v 0.10 modify URL breaks
)
Package hyperref Info: Option `colorlinks' set `true' on input line 51.
Package hyperref Info: Option `linktocpage' set `true' on input line 51.
(/Users/taylorswift/Library/TinyTeX/texmf-dist/tex/latex/float/float.sty
Package: float 2001/11/08 v1.3d Float enhancements (AL)
\c@float@type=\count345
\float@exts=\toks43
\float@box=\box118
\@float@everytoks=\toks44
\@floatcapt=\box119
) (/Users/taylorswift/Library/TinyTeX/texmf-dist/tex/generic/ulem/ulem.sty
\UL@box=\box120
\UL@hyphenbox=\box121
\UL@skip=\skip88
\UL@hook=\toks45
\UL@height=\dimen285
\UL@pe=\count346
\UL@pixel=\dimen286
\ULC@box=\box122
Package: ulem 2019/11/18
\ULdepth=\dimen287
) (/Users/taylorswift/Library/TinyTeX/texmf-dist/tex/generic/soul/soulutf8.sty
Package: soulutf8 2023-06-14 v3.1 Permit use of UTF-8 characters in soul (HO)

Package soulutf8 Warning: This package is obsolete,
(soulutf8)                use the soul package directly. 
(soulutf8)                 on input line 29.

) (/Users/taylorswift/Library/TinyTeX/texmf-dist/tex/latex/titlesec/titlesec.sty
Package: titlesec 2021/07/05 v2.14 Sectioning titles
\ttl@box=\box123
\beforetitleunit=\skip89
\aftertitleunit=\skip90
\ttl@plus=\dimen288
\ttl@minus=\dimen289
\ttl@toksa=\toks46
\titlewidth=\dimen290
\titlewidthlast=\dimen291
\titlewidthfirst=\dimen292
) (/Users/taylorswift/Library/TinyTeX/texmf-dist/tex/latex/fancyhdr/fancyhdr.sty
Package: fancyhdr 2022/11/09 v4.1 Extensive control of page headers and footers
\f@nch@headwidth=\skip91
\f@nch@O@elh=\skip92
\f@nch@O@erh=\skip93
\f@nch@O@olh=\skip94
\f@nch@O@orh=\skip95
\f@nch@O@elf=\skip96
\f@nch@O@erf=\skip97
\f@nch@O@olf=\skip98
\f@nch@O@orf=\skip99
) (/Users/taylorswift/Library/TinyTeX/texmf-dist/tex/latex/fancyvrb/fancyvrb.sty
Package: fancyvrb 2023/01/19 4.5a verbatim text (tvz,hv)
\FV@CodeLineNo=\count347
\FV@InFile=\read3
\FV@TabBox=\box124
\c@FancyVerbLine=\count348
\FV@StepNumber=\count349
\FV@OutFile=\write4
) (/Users/taylorswift/Library/TinyTeX/texmf-dist/tex/latex/fvextra/fvextra.sty
Package: fvextra 2022/11/30 v1.5 fvextra - extensions and patches for fancyvrb
(/Users/taylorswift/Library/TinyTeX/texmf-dist/tex/latex/upquote/upquote.sty
Package: upquote 2012/04/19 v1.3 upright-quote and grave-accent glyphs in verbatim
) (/Users/taylorswift/Library/TinyTeX/texmf-dist/tex/latex/lineno/lineno.sty
Package: lineno 2023/05/20 line numbers on paragraphs v5.3
\linenopenalty=\count350
\output=\toks47
\linenoprevgraf=\count351
\linenumbersep=\dimen293
\linenumberwidth=\dimen294
\c@linenumber=\count352
\c@pagewiselinenumber=\count353
\c@LN@truepage=\count354
\c@internallinenumber=\count355
\c@internallinenumbers=\count356
\quotelinenumbersep=\dimen295
\bframerule=\dimen296
\bframesep=\dimen297
\bframebox=\box125
\linenoamsmath@ams@eqpen=\count357

LaTeX Warning: Command \@parboxrestore  has changed.
               Check if current package is valid.

LaTeX Info: Redefining \\ on input line 3180.
)

Package fvextra Warning: csquotes should be loaded after fvextra, to avoid a warning from the lineno package on input line 36.

\c@FV@TrueTabGroupLevel=\count358
\c@FV@TrueTabCounter=\count359
\FV@TabBox@Group=\box126
\FV@TmpLength=\skip100
\c@FV@HighlightLinesStart=\count360
\c@FV@HighlightLinesStop=\count361
\FV@LoopCount=\count362
\FV@NCharsBox=\box127
\FV@BreakIndent=\dimen298
\FV@BreakIndentNChars=\count363
\FV@BreakSymbolSepLeft=\dimen299
\FV@BreakSymbolSepLeftNChars=\count364
\FV@BreakSymbolSepRight=\dimen300
\FV@BreakSymbolSepRightNChars=\count365
\FV@BreakSymbolIndentLeft=\dimen301
\FV@BreakSymbolIndentLeftNChars=\count366
\FV@BreakSymbolIndentRight=\dimen302
\FV@BreakSymbolIndentRightNChars=\count367
\c@FancyVerbLineBreakLast=\count368
\FV@LineBox=\box128
\FV@LineIndentBox=\box129
\c@FV@BreakBufferDepth=\count369
\FV@LineWidth=\dimen303
)
Package csquotes Info: Checking for multilingual support...
Package csquotes Info: ... found 'babel' package.
Package csquotes Info: Adjusting default style.
Package csquotes Info: Redefining alias 'default' -> 'english'.
(./02-LiteratureReview.aux)
\openout1 = `02-LiteratureReview.aux'.

LaTeX Font Info:    Checking defaults for OML/cmm/m/it on input line 180.
LaTeX Font Info:    ... okay on input line 180.
LaTeX Font Info:    Checking defaults for OMS/cmsy/m/n on input line 180.
LaTeX Font Info:    ... okay on input line 180.
LaTeX Font Info:    Checking defaults for OT1/cmr/m/n on input line 180.
LaTeX Font Info:    ... okay on input line 180.
LaTeX Font Info:    Checking defaults for T1/cmr/m/n on input line 180.
LaTeX Font Info:    ... okay on input line 180.
LaTeX Font Info:    Checking defaults for TS1/cmr/m/n on input line 180.
LaTeX Font Info:    ... okay on input line 180.
LaTeX Font Info:    Checking defaults for OMX/cmex/m/n on input line 180.
LaTeX Font Info:    ... okay on input line 180.
LaTeX Font Info:    Checking defaults for U/cmr/m/n on input line 180.
LaTeX Font Info:    ... okay on input line 180.
LaTeX Font Info:    Checking defaults for LGR/cmr/m/n on input line 180.
LaTeX Font Info:    Trying to load font information for LGR+cmr on input line 180.
(/Users/taylorswift/Library/TinyTeX/texmf-dist/tex/latex/cbfonts-fd/lgrcmr.fd
File: lgrcmr.fd 2017/07/29 v1.2 Greek European Computer Regular
)
LaTeX Font Info:    ... okay on input line 180.
LaTeX Font Info:    Checking defaults for PD1/pdf/m/n on input line 180.
LaTeX Font Info:    ... okay on input line 180.
LaTeX Font Info:    Checking defaults for PU/pdf/m/n on input line 180.
LaTeX Font Info:    ... okay on input line 180.
*geometry* driver: auto-detecting
*geometry* detected driver: pdftex
*geometry* verbose mode - [ preamble ] result:
* driver: pdftex
* paper: a4paper
* layout: <same size as paper>
* layoutoffset:(h,v)=(0.0pt,0.0pt)
* modes: includehead 
* h-part:(L,W,R)=(88.2037pt, 421.10046pt, 88.2037pt)
* v-part:(T,H,B)=(71.13188pt, 697.09262pt, 76.82234pt)
* \paperwidth=597.50787pt
* \paperheight=845.04684pt
* \textwidth=421.10046pt
* \textheight=662.33034pt
* \oddsidemargin=15.93372pt
* \evensidemargin=15.93372pt
* \topmargin=-1.1381pt
* \headheight=15.0pt
* \headsep=22.76228pt
* \topskip=12.0pt
* \footskip=34.14322pt
* \marginparwidth=44.0pt
* \marginparsep=10.0pt
* \columnsep=10.0pt
* \skip\footins=10.8pt plus 4.0pt minus 2.0pt
* \hoffset=0.0pt
* \voffset=0.0pt
* \mag=1000
* \@twocolumnfalse
* \@twosidefalse
* \@mparswitchfalse
* \@reversemarginfalse
* (1in=72.27pt=25.4mm, 1cm=28.453pt)

(/Users/taylorswift/Library/TinyTeX/texmf-dist/tex/latex/epstopdf-pkg/epstopdf-base.sty
Package: epstopdf-base 2020-01-24 v2.11 Base part for package epstopdf
Package epstopdf-base Info: Redefining graphics rule for `.eps' on input line 485.
(/Users/taylorswift/Library/TinyTeX/texmf-dist/tex/latex/latexconfig/epstopdf-sys.cfg
File: epstopdf-sys.cfg 2010/07/13 v1.3 Configuration of (r)epstopdf for TeX Live
))
LaTeX Info: Redefining \microtypecontext on input line 180.
Package microtype Info: Applying patch `item' on input line 180.
Package microtype Info: Applying patch `toc' on input line 180.
Package microtype Info: Applying patch `eqnum' on input line 180.
Package microtype Info: Applying patch `footnote' on input line 180.
Package microtype Info: Applying patch `verbatim' on input line 180.
Package microtype Info: Generating PDF output.
Package microtype Info: Character protrusion enabled (level 2).
Package microtype Info: Using default protrusion set `alltext'.
Package microtype Info: Automatic font expansion enabled (level 2),
(microtype)             stretch: 20, shrink: 20, step: 1, non-selected.
Package microtype Info: Using default expansion set `alltext-nott'.
LaTeX Info: Redefining \showhyphens on input line 180.
Package microtype Info: No adjustment of tracking.
Package microtype Info: No adjustment of interword spacing.
Package microtype Info: No adjustment of character kerning.
(/Users/taylorswift/Library/TinyTeX/texmf-dist/tex/latex/microtype/mt-cmr.cfg
File: mt-cmr.cfg 2013/05/19 v2.2 microtype config. file: Computer Modern Roman (RS)
)
Package caption Info: Begin \AtBeginDocument code.
Package caption Info: float package is loaded.
Package caption Info: hyperref package is loaded.
Package caption Info: rotating package is loaded.
Package caption Info: End \AtBeginDocument code.
(/Users/taylorswift/Library/TinyTeX/texmf-dist/tex/latex/pdflscape/pdflscape.sty
Package: pdflscape 2022-10-27 v0.13 Display of landscape pages in PDF
(/Users/taylorswift/Library/TinyTeX/texmf-dist/tex/latex/pdflscape/pdflscape-nometadata.sty
Package: pdflscape-nometadata 2022-10-28 v0.13 Display of landscape pages in PDF (HO)
(/Users/taylorswift/Library/TinyTeX/texmf-dist/tex/latex/graphics/lscape.sty
Package: lscape 2020/05/28 v3.02 Landscape Pages (DPC)
)
Package pdflscape Info: Auto-detected driver: pdftex on input line 81.
))
Package hyperref Info: Link coloring ON on input line 180.
(./02-LiteratureReview.out) (./02-LiteratureReview.out)
\@outlinefile=\write5
\openout5 = `02-LiteratureReview.out'.


Package minitoc Warning: W0010
(minitoc)                No file 02-LiteratureReview.toc. 
(minitoc)                MINITOCS NOT PREPARED on input line 250.

[1



{/Users/taylorswift/Library/TinyTeX/texmf-var/fonts/map/pdftex/updmap/pdftex.map}{/Users/taylorswift/Library/TinyTeX/texmf-dist/fonts/enc/dvips/lm/lm-ec.enc}]
Chapter 1.
LaTeX Font Info:    Trying to load font information for T1+put on input line 274.
(/Users/taylorswift/Library/TinyTeX/texmf-dist/tex/latex/psnfss/t1put.fd
File: t1put.fd 2001/06/04 font definitions for T1/put.
)
Package microtype Info: Loading generic protrusion settings for font family
(microtype)             `put' (encoding: T1).
(microtype)             For optimal results, create family-specific settings.
(microtype)             See the microtype manual for details.
[2

{/Users/taylorswift/Library/TinyTeX/texmf-dist/fonts/enc/dvips/base/8r.enc}]
Overfull \hbox (12.3845pt too wide) in paragraph at lines 284--284
|[]\T1/lmr/bx/n/17.28 (-20) Communication: Per-for-mance and Mul-ti-modal-
 []

[3] [4] [5] [6]
<DissdataIMAGES/gastrostudies.png, id=68, 606.265pt x 574.145pt>
File: DissdataIMAGES/gastrostudies.png Graphic file (type png)
<use DissdataIMAGES/gastrostudies.png>
Package pdftex.def Info: DissdataIMAGES/gastrostudies.png  used on input line 319.
(pdftex.def)             Requested size: 421.10046pt x 398.79745pt.
[7] [8 <./DissdataIMAGES/gastrostudies.png>] [9]
Package minitoc Info: I0009
(minitoc)             Listing minitoc auxiliary files. 
(minitoc)             Creating the 02-LiteratureReview.maf file.
\openout3 = `02-LiteratureReview.maf'.

[10] (./02-LiteratureReview.aux)
 ***********
LaTeX2e <2023-06-01> patch level 1
L3 programming layer <2023-08-29>
 ***********
Package rerunfilecheck Info: File `02-LiteratureReview.out' has not changed.
(rerunfilecheck)             Checksum: 9DFDCB3F508CB71A1B2E9B469FE8C235;1218.
 ) 
Here is how much of TeX's memory you used:
 24131 strings out of 476801
 413736 string characters out of 5804617
 1926807 words of memory out of 5000000
 44913 multiletter control sequences out of 15000+600000
 604976 words of font info for 110 fonts, out of 8000000 for 9000
 59 hyphenation exceptions out of 8191
 79i,11n,93p,1561b,581s stack positions out of 10000i,1000n,20000p,200000b,200000s
</Users/taylorswift/Library/TinyTeX/texmf-dist/fonts/type1/public/lm/lmbx10.pfb></Users/taylorswift/Library/TinyTeX/texmf-dist/fonts/type1/public/lm/lmbx12.pfb></Users/taylorswift/Library/TinyTeX/texmf-dist/fonts/type1/public/lm/lmbxi10.pfb></Users/taylorswift/Library/TinyTeX/texmf-dist/fonts/type1/public/lm/lmr10.pfb></Users/taylorswift/Library/TinyTeX/texmf-dist/fonts/type1/public/lm/lmr12.pfb></Users/taylorswift/Library/TinyTeX/texmf-dist/fonts/type1/public/lm/lmr17.pfb></Users/taylorswift/Library/TinyTeX/texmf-dist/fonts/type1/public/lm/lmri12.pfb></Users/taylorswift/Library/TinyTeX/texmf-dist/fonts/type1/adobe/utopia/putb8a.pfb>
Output written on 02-LiteratureReview.pdf (10 pages, 581548 bytes).
PDF statistics:
 139 PDF objects out of 1000 (max. 8388607)
 107 compressed objects within 2 object streams
 26 named destinations out of 1000 (max. 500000)
 19518 words of extra memory for PDF output out of 20736 (max. 10000000)

